<?xml version="1.0" encoding="UTF-8"?>
<!-- Generated by org.testng.reporters.JUnitXMLReporter -->
<testsuite hostname="Mohits-MacBook-Air.local" name="Command line test" tests="10" failures="0" timestamp="10 Jun 2018 06:54:29 GMT" time="5.26" errors="0">
  <testcase name="additionTest" time="2.313" classname="com.automation.tests.APIIntegrationTest"/>
  <testcase name="divisionTest" time="0.31" classname="com.automation.tests.APIIntegrationTest"/>
  <testcase name="multiplytest" time="0.288" classname="com.automation.tests.APIIntegrationTest"/>
  <testcase name="statusCode_401_UNAUTHORIZED_addition_path" time="0.301" classname="com.automation.tests.ErrorCodesTest"/>
  <testcase name="statusCode_401_UNAUTHORIZED_multiply_path" time="0.227" classname="com.automation.tests.ErrorCodesTest"/>
  <testcase name="statusCode_401_UNAUTHORIZED_division_path" time="0.699" classname="com.automation.tests.ErrorCodesTest"/>
  <testcase name="statusCode_404_NOT_FOUND" time="0.243" classname="com.automation.tests.ErrorCodesTest"/>
  <testcase name="additionTest_400_Bad_Request" time="0.228" classname="com.automation.tests.ErrorCodesTest"/>
  <testcase name="multiplytest_400_Bad_Request" time="0.299" classname="com.automation.tests.ErrorCodesTest"/>
  <testcase name="divisionTest_400_Bad_Request" time="0.296" classname="com.automation.tests.ErrorCodesTest"/>
</testsuite> <!-- Command line test -->
