<?xml version="1.0" encoding="UTF-8"?>
<testng-results skipped="0" failed="0" total="10" passed="10">
  <reporter-output>
  </reporter-output>
  <suite name="Command line suite" duration-ms="5260" started-at="2018-06-10T06:54:24Z" finished-at="2018-06-10T06:54:29Z">
    <groups>
    </groups>
    <test name="Command line test" duration-ms="5260" started-at="2018-06-10T06:54:24Z" finished-at="2018-06-10T06:54:29Z">
      <class name="com.automation.tests.ErrorCodesTest">
        <test-method status="PASS" signature="setUp()[pri:0, instance:com.automation.tests.ErrorCodesTest@21bcffb5]" name="setUp" is-config="true" duration-ms="1" started-at="2018-06-10T02:54:27Z" finished-at="2018-06-10T02:54:27Z">
          <reporter-output>
          </reporter-output>
        </test-method> <!-- setUp -->
        <test-method status="PASS" signature="statusCode_401_UNAUTHORIZED_addition_path()[pri:0, instance:com.automation.tests.ErrorCodesTest@21bcffb5]" name="statusCode_401_UNAUTHORIZED_addition_path" duration-ms="301" started-at="2018-06-10T02:54:27Z" finished-at="2018-06-10T02:54:27Z">
          <reporter-output>
          </reporter-output>
        </test-method> <!-- statusCode_401_UNAUTHORIZED_addition_path -->
        <test-method status="PASS" signature="setUp()[pri:0, instance:com.automation.tests.ErrorCodesTest@21bcffb5]" name="setUp" is-config="true" duration-ms="1" started-at="2018-06-10T02:54:27Z" finished-at="2018-06-10T02:54:27Z">
          <reporter-output>
          </reporter-output>
        </test-method> <!-- setUp -->
        <test-method status="PASS" signature="statusCode_401_UNAUTHORIZED_multiply_path()[pri:0, instance:com.automation.tests.ErrorCodesTest@21bcffb5]" name="statusCode_401_UNAUTHORIZED_multiply_path" duration-ms="227" started-at="2018-06-10T02:54:27Z" finished-at="2018-06-10T02:54:27Z">
          <reporter-output>
          </reporter-output>
        </test-method> <!-- statusCode_401_UNAUTHORIZED_multiply_path -->
        <test-method status="PASS" signature="setUp()[pri:0, instance:com.automation.tests.ErrorCodesTest@21bcffb5]" name="setUp" is-config="true" duration-ms="1" started-at="2018-06-10T02:54:27Z" finished-at="2018-06-10T02:54:27Z">
          <reporter-output>
          </reporter-output>
        </test-method> <!-- setUp -->
        <test-method status="PASS" signature="statusCode_401_UNAUTHORIZED_division_path()[pri:0, instance:com.automation.tests.ErrorCodesTest@21bcffb5]" name="statusCode_401_UNAUTHORIZED_division_path" duration-ms="699" started-at="2018-06-10T02:54:27Z" finished-at="2018-06-10T02:54:28Z">
          <reporter-output>
          </reporter-output>
        </test-method> <!-- statusCode_401_UNAUTHORIZED_division_path -->
        <test-method status="PASS" signature="statusCode_404_NOT_FOUND()[pri:0, instance:com.automation.tests.ErrorCodesTest@21bcffb5]" name="statusCode_404_NOT_FOUND" duration-ms="243" started-at="2018-06-10T02:54:28Z" finished-at="2018-06-10T02:54:28Z">
          <reporter-output>
          </reporter-output>
        </test-method> <!-- statusCode_404_NOT_FOUND -->
        <test-method status="PASS" signature="setUp()[pri:0, instance:com.automation.tests.ErrorCodesTest@21bcffb5]" name="setUp" is-config="true" duration-ms="0" started-at="2018-06-10T02:54:28Z" finished-at="2018-06-10T02:54:28Z">
          <reporter-output>
          </reporter-output>
        </test-method> <!-- setUp -->
        <test-method status="PASS" signature="additionTest_400_Bad_Request()[pri:0, instance:com.automation.tests.ErrorCodesTest@21bcffb5]" name="additionTest_400_Bad_Request" duration-ms="228" started-at="2018-06-10T02:54:28Z" finished-at="2018-06-10T02:54:28Z">
          <reporter-output>
          </reporter-output>
        </test-method> <!-- additionTest_400_Bad_Request -->
        <test-method status="PASS" signature="setUp()[pri:0, instance:com.automation.tests.ErrorCodesTest@21bcffb5]" name="setUp" is-config="true" duration-ms="0" started-at="2018-06-10T02:54:28Z" finished-at="2018-06-10T02:54:28Z">
          <reporter-output>
          </reporter-output>
        </test-method> <!-- setUp -->
        <test-method status="PASS" signature="setUp()[pri:0, instance:com.automation.tests.ErrorCodesTest@21bcffb5]" name="setUp" is-config="true" duration-ms="1" started-at="2018-06-10T02:54:28Z" finished-at="2018-06-10T02:54:28Z">
          <reporter-output>
          </reporter-output>
        </test-method> <!-- setUp -->
        <test-method status="PASS" signature="multiplytest_400_Bad_Request()[pri:0, instance:com.automation.tests.ErrorCodesTest@21bcffb5]" name="multiplytest_400_Bad_Request" duration-ms="299" started-at="2018-06-10T02:54:28Z" finished-at="2018-06-10T02:54:29Z">
          <reporter-output>
          </reporter-output>
        </test-method> <!-- multiplytest_400_Bad_Request -->
        <test-method status="PASS" signature="setUp()[pri:0, instance:com.automation.tests.ErrorCodesTest@21bcffb5]" name="setUp" is-config="true" duration-ms="1" started-at="2018-06-10T02:54:29Z" finished-at="2018-06-10T02:54:29Z">
          <reporter-output>
          </reporter-output>
        </test-method> <!-- setUp -->
        <test-method status="PASS" signature="divisionTest_400_Bad_Request()[pri:0, instance:com.automation.tests.ErrorCodesTest@21bcffb5]" name="divisionTest_400_Bad_Request" duration-ms="296" started-at="2018-06-10T02:54:29Z" finished-at="2018-06-10T02:54:29Z">
          <reporter-output>
          </reporter-output>
        </test-method> <!-- divisionTest_400_Bad_Request -->
      </class> <!-- com.automation.tests.ErrorCodesTest -->
      <class name="com.automation.tests.APIIntegrationTest">
        <test-method status="PASS" signature="setUp()[pri:0, instance:com.automation.tests.APIIntegrationTest@6442b0a6]" name="setUp" is-config="true" duration-ms="8" started-at="2018-06-10T02:54:24Z" finished-at="2018-06-10T02:54:24Z">
          <reporter-output>
          </reporter-output>
        </test-method> <!-- setUp -->
        <test-method status="PASS" signature="additionTest()[pri:0, instance:com.automation.tests.APIIntegrationTest@6442b0a6]" name="additionTest" duration-ms="2313" started-at="2018-06-10T02:54:24Z" finished-at="2018-06-10T02:54:26Z">
          <reporter-output>
          </reporter-output>
        </test-method> <!-- additionTest -->
        <test-method status="PASS" signature="setUp()[pri:0, instance:com.automation.tests.APIIntegrationTest@6442b0a6]" name="setUp" is-config="true" duration-ms="1" started-at="2018-06-10T02:54:26Z" finished-at="2018-06-10T02:54:26Z">
          <reporter-output>
          </reporter-output>
        </test-method> <!-- setUp -->
        <test-method status="PASS" signature="divisionTest()[pri:0, instance:com.automation.tests.APIIntegrationTest@6442b0a6]" name="divisionTest" duration-ms="310" started-at="2018-06-10T02:54:26Z" finished-at="2018-06-10T02:54:26Z">
          <reporter-output>
          </reporter-output>
        </test-method> <!-- divisionTest -->
        <test-method status="PASS" signature="setUp()[pri:0, instance:com.automation.tests.APIIntegrationTest@6442b0a6]" name="setUp" is-config="true" duration-ms="0" started-at="2018-06-10T02:54:26Z" finished-at="2018-06-10T02:54:26Z">
          <reporter-output>
          </reporter-output>
        </test-method> <!-- setUp -->
        <test-method status="PASS" signature="multiplytest()[pri:0, instance:com.automation.tests.APIIntegrationTest@6442b0a6]" name="multiplytest" duration-ms="288" started-at="2018-06-10T02:54:26Z" finished-at="2018-06-10T02:54:27Z">
          <reporter-output>
          </reporter-output>
        </test-method> <!-- multiplytest -->
      </class> <!-- com.automation.tests.APIIntegrationTest -->
    </test> <!-- Command line test -->
  </suite> <!-- Command line suite -->
</testng-results>
