<?xml version="1.0" encoding="UTF-8"?>
<testng-results skipped="0" failed="0" ignored="6" total="7" passed="1">
  <reporter-output>
  </reporter-output>
  <suite name="Default suite" duration-ms="2580" started-at="2018-06-10T06:24:31Z" finished-at="2018-06-10T06:24:34Z">
    <groups>
    </groups>
    <test name="Default test" duration-ms="2580" started-at="2018-06-10T06:24:31Z" finished-at="2018-06-10T06:24:34Z">
      <class name="com.qa.tests.ErrorCodesTest">
        <test-method status="PASS" signature="setUp()[pri:0, instance:com.qa.tests.ErrorCodesTest@68c4039c]" name="setUp" is-config="true" duration-ms="25" started-at="2018-06-10T06:24:31Z" finished-at="2018-06-10T06:24:31Z">
          <reporter-output>
          </reporter-output>
        </test-method> <!-- setUp -->
        <test-method status="PASS" signature="statusCode_401_UNAUTHORIZED_multiply_path()[pri:2, instance:com.qa.tests.ErrorCodesTest@68c4039c]" name="statusCode_401_UNAUTHORIZED_multiply_path" duration-ms="2526" started-at="2018-06-10T06:24:31Z" finished-at="2018-06-10T06:24:34Z">
          <reporter-output>
          </reporter-output>
        </test-method> <!-- statusCode_401_UNAUTHORIZED_multiply_path -->
      </class> <!-- com.qa.tests.ErrorCodesTest -->
    </test> <!-- Default test -->
  </suite> <!-- Default suite -->
</testng-results>
